[debug] [2025-05-07T04:28:45.353Z] ----------------------------------------------------------------------
[debug] [2025-05-07T04:28:45.359Z] Command:       /opt/homebrew/Cellar/node/23.11.0/bin/node /opt/homebrew/bin/firebase init
[debug] [2025-05-07T04:28:45.359Z] CLI Version:   14.2.2
[debug] [2025-05-07T04:28:45.359Z] Platform:      darwin
[debug] [2025-05-07T04:28:45.359Z] Node Version:  v23.11.0
[debug] [2025-05-07T04:28:45.360Z] Time:          Wed May 07 2025 12:28:45 GMT+0800 (台北標準時間)
[debug] [2025-05-07T04:28:45.360Z] ----------------------------------------------------------------------
[debug] 
[debug] [2025-05-07T04:28:45.363Z] > command requires scopes: ["email","openid","https://www.googleapis.com/auth/cloudplatformprojects.readonly","https://www.googleapis.com/auth/firebase","https://www.googleapis.com/auth/cloud-platform"]
[debug] [2025-05-07T04:28:45.363Z] > authorizing via signed-in user (itsutaka@gmail.com)
[info] 
     ######## #### ########  ######## ########     ###     ######  ########
     ##        ##  ##     ## ##       ##     ##  ##   ##  ##       ##
     ######    ##  ########  ######   ########  #########  ######  ######
     ##        ##  ##    ##  ##       ##     ## ##     ##       ## ##
     ##       #### ##     ## ######## ########  ##     ##  ######  ########

You're about to initialize a Firebase project in this directory:

  /Users/kih/Documents/PurchaseBoardManager

[info] 
=== Project Setup
[info] 
[info] First, let's associate this project directory with a Firebase project.
[info] You can create multiple project aliases by running firebase use --add, 
[info] but for now we'll just set up a default project.
[info] 
